2024-09-15 17:49:15,839 - INFO - Starting unsupervised learning data preprocessing.
2024-09-15 17:49:26,737 - INFO - dos data head /n   1478198376.389427  0316  8  05  21  68  09 21.1 21.2  00  6f  R
0       1.478198e+09  018f  8  fe  5b  00  00   00   3c  00  00  R
1       1.478198e+09  0260  8  19  21  22  30   08   8e  6d  3a  R
2       1.478198e+09  02a0  8  64  00  9a  1d   97   02  bd  00  R
3       1.478198e+09  0329  8  40  bb  7f  14   11   20  00  14  R
4       1.478198e+09  0545  8  d8  00  00  8a   00   00  00  00  R
2024-09-15 17:49:26,747 - INFO - dos data tail /n         1478198376.389427  0316  8  05  21  68  09 21.1 21.2  00  6f  R
3665765       1.478201e+09  018f  8  fe  59  00  00   00   41  00  00  R
3665766       1.478201e+09  0260  8  18  21  21  30   08   8f  6d  19  R
3665767       1.478201e+09  02a0  8  24  00  9a  1d   97   02  bd  00  R
3665768       1.478201e+09  0329  8  dc  b7  7f  14   11   20  00  14  R
3665769       1.478201e+09  0545  8  d8  00  00  8b   00   00  00  00  R
2024-09-15 17:49:36,409 - INFO - fuzzy data head /n   1478195721.903877  0545  8  d8  00 00.1  8a 00.2 00.3 00.4 00.5    R
0       1.478196e+09  02b0  5  ff  7f   00  05   49    R  NaN  NaN  NaN
1       1.478196e+09  0002  8  00  00   00  00   00   01   07   15    R
2       1.478196e+09  0153  8  00  21   10  ff   00   ff   00   00    R
3       1.478196e+09  0130  8  19  80   00  ff   fe   7f   07   60    R
4       1.478196e+09  0131  8  17  80   00  00   65   7f   07   9f    R
2024-09-15 17:49:36,409 - INFO - fuzzy data tail /n         1478195721.903877  0545  8  d8  00 00.1  8a 00.2 00.3 00.4 00.5  R
3838854       1.478201e+09  018f  8  fe  59   00  00   00   41   00   00  R
3838855       1.478201e+09  0260  8  18  21   21  30   08   8f   6d   19  R
3838856       1.478201e+09  02a0  8  24  00   9a  1d   97   02   bd   00  R
3838857       1.478201e+09  0329  8  dc  b7   7f  14   11   20   00   14  R
3838858       1.478201e+09  0545  8  d8  00   00  8b   00   00   00   00  R
2024-09-15 17:49:41,717 - INFO - gear data head /n   1478193190.056566  0140  8  00 00.1 00.2 00.3  10  29  2a  24  R
0       1.478193e+09  02c0  8  15   00   00   00  00  00  00  00  R
1       1.478193e+09  0350  8  05   20   44   68  77  00  00  7e  R
2       1.478193e+09  0370  8  00   20   00   00  00  00  00  00  R
3       1.478193e+09  043f  8  10   40   60   ff  78  c4  08  00  R
4       1.478193e+09  0440  8  ff   00   00   00  ff  c4  08  00  R
2024-09-15 17:49:41,727 - INFO - gear data tail /n         1478193190.056566  0140  8  00 00.1 00.2 00.3  10  29  2a  24  R
4443136       1.478201e+09  018f  8  fe   59   00   00  00  41  00  00  R
4443137       1.478201e+09  0260  8  18   21   21   30  08  8f  6d  19  R
4443138       1.478201e+09  02a0  8  24   00   9a   1d  97  02  bd  00  R
4443139       1.478201e+09  0329  8  dc   b7   7f   14  11  20  00  14  R
4443140       1.478201e+09  0545  8  d8   00   00   8b  00  00  00  00  R
2024-09-15 17:49:48,286 - INFO - rpm data head /n   1478191030.045114  0316  8  05  22  68  09 22.1  20  00  75  R
0       1.478191e+09  018f  8  fe  3b  00  00   00  3c  00  00  R
1       1.478191e+09  0260  8  19  22  22  30   ff  8f  6e  3f  R
2       1.478191e+09  02a0  8  60  00  83  1d   96  02  bd  00  R
3       1.478191e+09  0329  8  dc  b8  7e  14   11  20  00  14  R
4       1.478191e+09  0545  8  d8  00  00  83   00  00  00  00  R
2024-09-15 17:49:48,292 - INFO - rpm data tail /n         1478191030.045114  0316  8  05  22  68  09 22.1  20  00  75  R
4621696       1.478201e+09  018f  8  fe  59  00  00   00  41  00  00  R
4621697       1.478201e+09  0260  8  18  21  21  30   08  8f  6d  19  R
4621698       1.478201e+09  02a0  8  24  00  9a  1d   97  02  bd  00  R
4621699       1.478201e+09  0329  8  dc  b7  7f  14   11  20  00  14  R
4621700       1.478201e+09  0545  8  d8  00  00  8b   00  00  00  00  R
2024-09-15 17:49:48,292 - INFO - Datasets loaded successfully.
2024-09-15 18:10:32,285 - INFO - Dataset combine successfully. /n{combined_data}
2024-09-15 18:30:22,349 - INFO - Missing values handled by forward filling. Total missing values: 137758556
2024-09-15 20:39:36,090 - INFO - Starting unsupervised learning data preprocessing.
2024-09-15 20:39:41,986 - INFO - dos data head /n   1478198376.389427  0316  8  05  21  68  09 21.1 21.2  00  6f  R
0       1.478198e+09  018f  8  fe  5b  00  00   00   3c  00  00  R
1       1.478198e+09  0260  8  19  21  22  30   08   8e  6d  3a  R
2       1.478198e+09  02a0  8  64  00  9a  1d   97   02  bd  00  R
3       1.478198e+09  0329  8  40  bb  7f  14   11   20  00  14  R
4       1.478198e+09  0545  8  d8  00  00  8a   00   00  00  00  R
2024-09-15 20:39:41,990 - INFO - dos data tail /n         1478198376.389427  0316  8  05  21  68  09 21.1 21.2  00  6f  R
3665765       1.478201e+09  018f  8  fe  59  00  00   00   41  00  00  R
3665766       1.478201e+09  0260  8  18  21  21  30   08   8f  6d  19  R
3665767       1.478201e+09  02a0  8  24  00  9a  1d   97   02  bd  00  R
3665768       1.478201e+09  0329  8  dc  b7  7f  14   11   20  00  14  R
3665769       1.478201e+09  0545  8  d8  00  00  8b   00   00  00  00  R
2024-09-15 20:39:45,551 - INFO - fuzzy data head /n   1478195721.903877  0545  8  d8  00 00.1  8a 00.2 00.3 00.4 00.5    R
0       1.478196e+09  02b0  5  ff  7f   00  05   49    R  NaN  NaN  NaN
1       1.478196e+09  0002  8  00  00   00  00   00   01   07   15    R
2       1.478196e+09  0153  8  00  21   10  ff   00   ff   00   00    R
3       1.478196e+09  0130  8  19  80   00  ff   fe   7f   07   60    R
4       1.478196e+09  0131  8  17  80   00  00   65   7f   07   9f    R
2024-09-15 20:39:45,551 - INFO - fuzzy data tail /n         1478195721.903877  0545  8  d8  00 00.1  8a 00.2 00.3 00.4 00.5  R
3838854       1.478201e+09  018f  8  fe  59   00  00   00   41   00   00  R
3838855       1.478201e+09  0260  8  18  21   21  30   08   8f   6d   19  R
3838856       1.478201e+09  02a0  8  24  00   9a  1d   97   02   bd   00  R
3838857       1.478201e+09  0329  8  dc  b7   7f  14   11   20   00   14  R
3838858       1.478201e+09  0545  8  d8  00   00  8b   00   00   00   00  R
2024-09-15 20:39:50,130 - INFO - gear data head /n   1478193190.056566  0140  8  00 00.1 00.2 00.3  10  29  2a  24  R
0       1.478193e+09  02c0  8  15   00   00   00  00  00  00  00  R
1       1.478193e+09  0350  8  05   20   44   68  77  00  00  7e  R
2       1.478193e+09  0370  8  00   20   00   00  00  00  00  00  R
3       1.478193e+09  043f  8  10   40   60   ff  78  c4  08  00  R
4       1.478193e+09  0440  8  ff   00   00   00  ff  c4  08  00  R
2024-09-15 20:39:50,134 - INFO - gear data tail /n         1478193190.056566  0140  8  00 00.1 00.2 00.3  10  29  2a  24  R
4443136       1.478201e+09  018f  8  fe   59   00   00  00  41  00  00  R
4443137       1.478201e+09  0260  8  18   21   21   30  08  8f  6d  19  R
4443138       1.478201e+09  02a0  8  24   00   9a   1d  97  02  bd  00  R
4443139       1.478201e+09  0329  8  dc   b7   7f   14  11  20  00  14  R
4443140       1.478201e+09  0545  8  d8   00   00   8b  00  00  00  00  R
2024-09-15 20:39:54,693 - INFO - rpm data head /n   1478191030.045114  0316  8  05  22  68  09 22.1  20  00  75  R
0       1.478191e+09  018f  8  fe  3b  00  00   00  3c  00  00  R
1       1.478191e+09  0260  8  19  22  22  30   ff  8f  6e  3f  R
2       1.478191e+09  02a0  8  60  00  83  1d   96  02  bd  00  R
3       1.478191e+09  0329  8  dc  b8  7e  14   11  20  00  14  R
4       1.478191e+09  0545  8  d8  00  00  83   00  00  00  00  R
2024-09-15 20:39:54,695 - INFO - rpm data tail /n         1478191030.045114  0316  8  05  22  68  09 22.1  20  00  75  R
4621696       1.478201e+09  018f  8  fe  59  00  00   00  41  00  00  R
4621697       1.478201e+09  0260  8  18  21  21  30   08  8f  6d  19  R
4621698       1.478201e+09  02a0  8  24  00  9a  1d   97  02  bd  00  R
4621699       1.478201e+09  0329  8  dc  b7  7f  14   11  20  00  14  R
4621700       1.478201e+09  0545  8  d8  00  00  8b   00  00  00  00  R
2024-09-15 20:39:54,695 - INFO - Datasets loaded successfully.
2024-09-15 20:39:57,936 - INFO - Dataset combine successfully. /n{combined_data}
2024-09-15 20:40:47,106 - INFO - Missing values handled by forward filling. Total missing values: 332433045
2024-09-15 21:06:27,362 - INFO - Starting unsupervised learning data preprocessing.
2024-09-15 21:06:42,358 - INFO - Datasets loaded successfully.
2024-09-15 21:06:46,550 - INFO - Datasets combined successfully.
2024-09-15 21:07:15,162 - INFO - Numeric columns: Index(['1478198376.389427', '8', '1478195721.903877', '1478193190.056566',
       '1478191030.045114'],
      dtype='object')
2024-09-15 21:07:15,188 - INFO - Categorical columns: Index(['0316', '05', '21', '68', '09', '21.1', '21.2', '00', '6f', 'R', '0545',
       'd8', '00.1', '8a', '00.2', '00.3', '00.4', '00.5', '0140', '10', '29',
       '2a', '24', '22', '22.1', '20', '75'],
      dtype='object')
2024-09-15 21:10:07,067 - INFO - Starting unsupervised learning data preprocessing.
2024-09-15 21:10:24,003 - INFO - Datasets loaded successfully.
2024-09-15 21:10:32,785 - INFO - Datasets combined successfully.
2024-09-15 21:10:56,418 - INFO - Numeric columns: Index(['1478198376.389427', '8', '1478195721.903877', '1478193190.056566',
       '1478191030.045114'],
      dtype='object')
2024-09-15 21:10:56,418 - INFO - Categorical columns: Index(['0316', '05', '21', '68', '09', '21.1', '21.2', '00', '6f', 'R', '0545',
       'd8', '00.1', '8a', '00.2', '00.3', '00.4', '00.5', '0140', '10', '29',
       '2a', '24', '22', '22.1', '20', '75'],
      dtype='object')
2024-09-15 21:17:41,206 - INFO - Starting unsupervised learning data preprocessing.
2024-09-15 21:18:03,523 - INFO - Datasets loaded successfully.
2024-09-15 21:18:22,588 - INFO - Datasets combined successfully.
2024-09-15 21:21:51,735 - INFO - Starting unsupervised learning data preprocessing.
2024-09-15 21:21:52,794 - INFO - Datasets loaded successfully using Dask.
2024-09-15 21:21:52,841 - INFO - Datasets combined successfully.
2024-09-15 21:21:52,842 - INFO - Numeric columns: Index(['1478198376.389427', '8', '21.1', '1478195721.903877', '00.1', '00.4',
       '1478193190.056566', '1478191030.045114'],
      dtype='object')
2024-09-15 21:21:52,842 - INFO - Categorical columns: Index(['0316', '05', '21', '68', '09', '21.2', '00', '6f', 'R', '0545', 'd8',
       '8a', '00.2', '00.3', '00.5', '0140', '10', '29', '2a', '24', '22',
       '22.1', '20', '75'],
      dtype='object')
2024-09-15 21:22:50,698 - INFO - Starting unsupervised learning data preprocessing.
2024-09-15 21:22:50,698 - INFO - Datasets loaded successfully using Dask.
2024-09-15 21:22:50,699 - INFO - Datasets combined successfully.
2024-09-15 21:22:50,701 - INFO - Numeric columns: Index(['1478198376.389427', '8', '21.1', '1478195721.903877', '00.1', '00.4',
       '1478193190.056566', '1478191030.045114'],
      dtype='object')
2024-09-15 21:22:50,702 - INFO - Categorical columns: Index(['0316', '05', '21', '68', '09', '21.2', '00', '6f', 'R', '0545', 'd8',
       '8a', '00.2', '00.3', '00.5', '0140', '10', '29', '2a', '24', '22',
       '22.1', '20', '75'],
      dtype='object')
2024-09-15 21:24:40,224 - INFO - Starting unsupervised learning data preprocessing.
2024-09-15 21:24:40,284 - INFO - Datasets loaded successfully using Dask with specified dtypes.
2024-09-15 21:24:40,322 - INFO - Datasets combined successfully.
2024-09-15 21:24:40,324 - INFO - Numeric columns: Index(['1478198376.389427', '8', '21.1', '1478195721.903877',
       '1478193190.056566', '1478191030.045114'],
      dtype='object')
2024-09-15 21:24:40,324 - INFO - Categorical columns: Index(['0316', '05', '21', '68', '09', '21.2', '00', '6f', 'R', '0545', 'd8',
       '00.1', '8a', '00.2', '00.3', '00.4', '00.5', '0140', '10', '29', '2a',
       '24', '22', '22.1', '20', '75'],
      dtype='object')
