2024-09-18 18:28:08,584 - INFO - Starting data preprocessing for anomaly detection.
2024-09-18 18:28:08,653 - INFO - Datasets loaded successfully with the first 1000 rows from each file.
2024-09-18 18:28:08,674 - INFO - Datasets combined successfully.
2024-09-18 18:28:08,685 - INFO - Numeric columns: Index(['1478198376.389427', '8', '1478195721.903877', '1478193190.056566',
       '1478191030.045114'],
      dtype='object')
2024-09-18 18:28:08,685 - INFO - Categorical columns: Index(['0316', '05', '21', '68', '09', '21.1', '21.2', '00', '6f', 'R', '0545',
       'd8', '00.1', '8a', '00.2', '00.3', '00.4', '00.5', '0140', '10', '29',
       '2a', '24', '22', '22.1', '20', '75'],
      dtype='object')
2024-09-18 18:28:08,838 - INFO - Categorical columns encoded using One-Hot Encoding (sparse format).
2024-09-18 18:28:08,850 - INFO - Numeric data normalized using StandardScaler.
2024-09-18 18:28:08,871 - INFO - Data concatenated and converted to dense format for PyTorch.
2024-09-18 18:28:08,902 - INFO - Data converted to PyTorch tensors.
2024-09-18 18:28:08,934 - INFO - Data split into training and test sets with a test size of 20%.
2024-09-18 18:28:08,934 - INFO - DataLoader created for both training and test sets.
2024-09-18 18:28:08,949 - INFO - Autoencoder model initialized with input dimension: 1665.
2024-09-18 18:28:12,887 - INFO - Loss function and optimizer set up.
2024-09-18 18:28:14,266 - INFO - Epoch [1/50], Loss: nan
2024-09-18 18:28:15,526 - INFO - Epoch [2/50], Loss: nan
2024-09-18 18:28:16,548 - INFO - Epoch [3/50], Loss: nan
2024-09-18 18:28:17,742 - INFO - Epoch [4/50], Loss: nan
2024-09-18 18:28:18,710 - INFO - Epoch [5/50], Loss: nan
2024-09-18 18:28:19,654 - INFO - Epoch [6/50], Loss: nan
2024-09-18 18:28:20,749 - INFO - Epoch [7/50], Loss: nan
2024-09-18 18:28:21,618 - INFO - Epoch [8/50], Loss: nan
2024-09-18 18:28:22,545 - INFO - Epoch [9/50], Loss: nan
2024-09-18 18:28:23,449 - INFO - Epoch [10/50], Loss: nan
2024-09-18 18:28:24,384 - INFO - Epoch [11/50], Loss: nan
2024-09-18 18:28:25,265 - INFO - Epoch [12/50], Loss: nan
2024-09-18 18:28:26,166 - INFO - Epoch [13/50], Loss: nan
2024-09-18 18:28:27,397 - INFO - Epoch [14/50], Loss: nan
2024-09-18 18:28:28,360 - INFO - Epoch [15/50], Loss: nan
2024-09-18 18:28:29,277 - INFO - Epoch [16/50], Loss: nan
2024-09-18 18:28:30,219 - INFO - Epoch [17/50], Loss: nan
2024-09-18 18:28:31,088 - INFO - Epoch [18/50], Loss: nan
2024-09-18 18:28:32,001 - INFO - Epoch [19/50], Loss: nan
2024-09-18 18:28:32,934 - INFO - Epoch [20/50], Loss: nan
2024-09-18 18:28:34,097 - INFO - Epoch [21/50], Loss: nan
2024-09-18 18:28:35,083 - INFO - Epoch [22/50], Loss: nan
2024-09-18 18:28:36,049 - INFO - Epoch [23/50], Loss: nan
2024-09-18 18:28:36,957 - INFO - Epoch [24/50], Loss: nan
2024-09-18 18:28:37,892 - INFO - Epoch [25/50], Loss: nan
2024-09-18 18:28:38,866 - INFO - Epoch [26/50], Loss: nan
2024-09-18 18:28:39,801 - INFO - Epoch [27/50], Loss: nan
2024-09-18 18:28:40,853 - INFO - Epoch [28/50], Loss: nan
2024-09-18 18:28:41,805 - INFO - Epoch [29/50], Loss: nan
2024-09-18 18:28:42,753 - INFO - Epoch [30/50], Loss: nan
2024-09-18 18:28:43,800 - INFO - Epoch [31/50], Loss: nan
2024-09-18 18:28:44,975 - INFO - Epoch [32/50], Loss: nan
2024-09-18 18:28:46,137 - INFO - Epoch [33/50], Loss: nan
2024-09-18 18:28:47,257 - INFO - Epoch [34/50], Loss: nan
2024-09-18 18:28:48,854 - INFO - Epoch [35/50], Loss: nan
2024-09-18 18:28:49,895 - INFO - Epoch [36/50], Loss: nan
2024-09-18 18:28:51,015 - INFO - Epoch [37/50], Loss: nan
2024-09-18 18:28:51,945 - INFO - Epoch [38/50], Loss: nan
2024-09-18 18:28:52,903 - INFO - Epoch [39/50], Loss: nan
2024-09-18 18:28:53,807 - INFO - Epoch [40/50], Loss: nan
2024-09-18 18:28:54,800 - INFO - Epoch [41/50], Loss: nan
2024-09-18 18:28:55,701 - INFO - Epoch [42/50], Loss: nan
2024-09-18 18:28:56,744 - INFO - Epoch [43/50], Loss: nan
2024-09-18 18:28:57,747 - INFO - Epoch [44/50], Loss: nan
2024-09-18 18:28:58,664 - INFO - Epoch [45/50], Loss: nan
2024-09-18 18:28:59,603 - INFO - Epoch [46/50], Loss: nan
2024-09-18 18:29:00,603 - INFO - Epoch [47/50], Loss: nan
2024-09-18 18:29:01,549 - INFO - Epoch [48/50], Loss: nan
2024-09-18 18:29:02,505 - INFO - Epoch [49/50], Loss: nan
2024-09-18 18:29:03,455 - INFO - Epoch [50/50], Loss: nan
2024-09-18 18:29:03,455 - INFO - Training complete.
2024-09-18 18:29:03,549 - INFO - Dynamic threshold set at the 95th percentile: nan
2024-09-19 12:11:53,648 - INFO - Starting data preprocessing for anomaly detection.
2024-09-19 12:11:53,655 - ERROR - Error loading datasets: [Errno 2] No such file or directory: '../data/DoS_dataset.csv'
2024-09-19 12:12:23,352 - INFO - Starting data preprocessing for anomaly detection.
2024-09-19 12:12:23,352 - INFO - Starting data preprocessing for anomaly detection.
2024-09-19 12:12:23,394 - INFO - Datasets loaded successfully with the first 1000 rows from each file.
2024-09-19 12:12:23,394 - INFO - Datasets loaded successfully with the first 1000 rows from each file.
2024-09-19 12:12:23,406 - INFO - Datasets combined successfully.
2024-09-19 12:12:23,406 - INFO - Datasets combined successfully.
2024-09-19 12:12:23,415 - WARNING - Dataset contains NaN values. Filling with mean.
2024-09-19 12:12:23,415 - WARNING - Dataset contains NaN values. Filling with mean.
2024-09-19 13:54:39,926 - ERROR - No such comm target registered: jupyter.widget.control
2024-09-19 13:54:39,926 - ERROR - No such comm target registered: jupyter.widget.control
2024-09-19 13:54:39,946 - WARNING - No such comm: 00f792bc-5755-4cb5-89c1-7e4ec3b87c31
2024-09-19 13:54:39,946 - WARNING - No such comm: 00f792bc-5755-4cb5-89c1-7e4ec3b87c31
2024-09-20 12:38:43,947 - INFO - Starting data preprocessing for anomaly detection.
2024-09-20 12:38:44,015 - INFO - Datasets loaded successfully with the first 1000 rows from each file.
2024-09-20 12:38:44,116 - INFO - Datasets combined successfully.
2024-09-20 12:38:44,129 - WARNING - Dataset contains NaN values. Filling with mean.
2024-09-20 12:42:03,349 - INFO - Data loaded and concatenated. Total rows: 4000, Total columns: 32
2024-09-20 12:42:03,478 - INFO - Data preprocessing complete. Shape after preprocessing: (4000, 1665)
2024-09-20 12:42:46,459 - INFO - Data loaded and concatenated. Total rows: 4000, Total columns: 32
2024-09-20 12:42:46,595 - INFO - Data preprocessing complete. Shape after preprocessing: (4000, 1665)
2024-09-20 12:43:55,530 - INFO - Data loaded and concatenated. Total rows: 4000, Total columns: 32
2024-09-20 12:43:55,662 - INFO - Data preprocessing complete. Shape after preprocessing: (4000, 1665)
2024-09-20 12:45:55,630 - INFO - Data loaded and concatenated. Total rows: 4000, Total columns: 32
2024-09-20 12:45:55,772 - INFO - Data preprocessing complete. Shape after preprocessing: (4000, 1665)
